<?xml version="1.0" encoding="UTF-8"?>
<!-- Generated by org.testng.reporters.JUnitReportReporter -->
<testsuite skipped="0" hostname="LAPTOP-5F268EQ3" name="com.qa.orghrm.pageTests.LoginTest" tests="1" failures="0" timestamp="2020-07-02T17:14:29 IST" time="53.602" errors="0">
  <testcase name="verifyLogin" time="53.602" classname="com.qa.orghrm.pageTests.LoginTest"/>
  <system-out/>
</testsuite> <!-- com.qa.orghrm.pageTests.LoginTest -->
