<?xml version="1.0" encoding="UTF-8"?>
<!-- Generated by org.testng.reporters.JUnitReportReporter -->
<testsuite skipped="0" hostname="LAPTOP-5F268EQ3" name="com.qa.orghrm.pageTests.BaseTest" tests="1" failures="0" timestamp="2020-06-29T14:38:19 IST" time="0.011" errors="0">
  <testcase name="m1" time="0.011" classname="com.qa.orghrm.pageTests.BaseTest"/>
  <system-out/>
</testsuite> <!-- com.qa.orghrm.pageTests.BaseTest -->
